android/app/build/intermediates/manifest_merge_blame_file/debug/manifest-merger-blame-debug-report.txt
1<?xml version="1.0" encoding="utf-8"?>
2<manifest xmlns:android="http://schemas.android.com/apk/res/android"
3    package="com.mlambo"
4    android:versionCode="5"
5    android:versionName="1.0.4" >
6
7    <uses-sdk
8        android:minSdkVersion="21"
9        android:targetSdkVersion="29" />
10
11    <uses-permission android:name="android.permission.SYSTEM_ALERT_WINDOW" />
11-->src\main\AndroidManifest.xml:9:5-77
11-->src\main\AndroidManifest.xml:9:22-75
12    <uses-permission android:name="android.permission.INTERNET" />
12-->src\main\AndroidManifest.xml:4:5-67
12-->src\main\AndroidManifest.xml:4:22-64
13    <uses-permission android:name="android.permission.CAMERA" />
13-->src\main\AndroidManifest.xml:5:3-63
13-->src\main\AndroidManifest.xml:5:20-60
14    <uses-permission android:name="android.permission.RECORD_AUDIO" />
14-->src\main\AndroidManifest.xml:6:1-66
14-->src\main\AndroidManifest.xml:6:18-64
15    <uses-permission android:name="android.permission.READ_EXTERNAL_STORAGE" />
15-->src\main\AndroidManifest.xml:7:3-78
15-->src\main\AndroidManifest.xml:7:20-75
16    <uses-permission android:name="android.permission.WRITE_EXTERNAL_STORAGE" />
16-->src\main\AndroidManifest.xml:8:3-79
16-->src\main\AndroidManifest.xml:8:20-76
17    <uses-permission android:name="android.permission.DOWNLOAD_WITHOUT_NOTIFICATION" />
17-->src\main\AndroidManifest.xml:10:4-87
17-->src\main\AndroidManifest.xml:10:21-84
18    <uses-permission android:name="android.permission.ACCESS_NETWORK_STATE" />
18-->src\main\AndroidManifest.xml:11:1-75
18-->src\main\AndroidManifest.xml:11:18-72
19    <uses-permission android:name="android.permission.ACCESS_WIFI_STATE" /> <!-- Required to access Google Play Licensing -->
19-->[com.facebook.flipper:flipper:0.54.0] AndroidManifest.xml:16:5-76
19-->[com.facebook.flipper:flipper:0.54.0] AndroidManifest.xml:16:22-73
20    <uses-permission android:name="com.android.vending.CHECK_LICENSE" />
20-->[:rn-fetch-blob] AndroidManifest.xml:12:5-73
20-->[:rn-fetch-blob] AndroidManifest.xml:12:22-70
21    <!--
22         Required to keep CPU alive while downloading files
23        (NOT to keep screen awake)
24    -->
25    <uses-permission android:name="android.permission.WAKE_LOCK" />
25-->[:rn-fetch-blob] AndroidManifest.xml:21:5-68
25-->[:rn-fetch-blob] AndroidManifest.xml:21:22-65
26
27    <uses-feature
27-->[:react-native-camera] AndroidManifest.xml:11:5-13:36
28        android:name="android.hardware.camera"
28-->[:react-native-camera] AndroidManifest.xml:12:9-47
29        android:required="false" />
29-->[:react-native-camera] AndroidManifest.xml:13:9-33
30    <uses-feature
30-->[:react-native-camera] AndroidManifest.xml:14:5-16:36
31        android:name="android.hardware.camera.autofocus"
31-->[:react-native-camera] AndroidManifest.xml:15:9-57
32        android:required="false" />
32-->[:react-native-camera] AndroidManifest.xml:16:9-33
33
34    <uses-permission android:name="android.permission.VIBRATE" /> <!-- Create a unique permission for your app and use it so only your app can receive your OneSignal messages. -->
34-->[:react-native-haptic-feedback] AndroidManifest.xml:11:5-66
34-->[:react-native-haptic-feedback] AndroidManifest.xml:11:22-63
35    <permission
35-->[com.onesignal:OneSignal:4.2.0] AndroidManifest.xml:7:5-9:47
36        android:name="com.mlambo.permission.C2D_MESSAGE"
36-->[com.onesignal:OneSignal:4.2.0] AndroidManifest.xml:8:9-63
37        android:protectionLevel="signature" />
37-->[com.onesignal:OneSignal:4.2.0] AndroidManifest.xml:9:9-44
38
39    <uses-permission android:name="com.mlambo.permission.C2D_MESSAGE" /> <!-- c2dm RECEIVE are basic requirements for push messages through Google's FCM -->
39-->[com.onesignal:OneSignal:4.2.0] AndroidManifest.xml:11:5-79
39-->[com.onesignal:OneSignal:4.2.0] AndroidManifest.xml:11:22-76
40    <uses-permission android:name="com.google.android.c2dm.permission.RECEIVE" />
40-->[com.onesignal:OneSignal:4.2.0] AndroidManifest.xml:17:5-82
40-->[com.onesignal:OneSignal:4.2.0] AndroidManifest.xml:17:22-79
41    <!--
42 Use to restore notifications the user hasn't interacted with.
43         They could be missed notifications if the user reboots their device if this isn't in place.
44    -->
45    <uses-permission android:name="android.permission.RECEIVE_BOOT_COMPLETED" /> <!-- START: ShortcutBadger -->
45-->[com.onesignal:OneSignal:4.2.0] AndroidManifest.xml:29:5-81
45-->[com.onesignal:OneSignal:4.2.0] AndroidManifest.xml:29:22-78
46    <!-- Samsung -->
47    <uses-permission android:name="com.sec.android.provider.badge.permission.READ" />
47-->[com.onesignal:OneSignal:4.2.0] AndroidManifest.xml:31:5-86
47-->[com.onesignal:OneSignal:4.2.0] AndroidManifest.xml:31:22-83
48    <uses-permission android:name="com.sec.android.provider.badge.permission.WRITE" /> <!-- HTC -->
48-->[com.onesignal:OneSignal:4.2.0] AndroidManifest.xml:32:5-87
48-->[com.onesignal:OneSignal:4.2.0] AndroidManifest.xml:32:22-84
49    <uses-permission android:name="com.htc.launcher.permission.READ_SETTINGS" />
49-->[com.onesignal:OneSignal:4.2.0] AndroidManifest.xml:33:5-81
49-->[com.onesignal:OneSignal:4.2.0] AndroidManifest.xml:33:22-78
50    <uses-permission android:name="com.htc.launcher.permission.UPDATE_SHORTCUT" /> <!-- Sony -->
50-->[com.onesignal:OneSignal:4.2.0] AndroidManifest.xml:34:5-83
50-->[com.onesignal:OneSignal:4.2.0] AndroidManifest.xml:34:22-80
51    <uses-permission android:name="com.sonyericsson.home.permission.BROADCAST_BADGE" />
51-->[com.onesignal:OneSignal:4.2.0] AndroidManifest.xml:35:5-88
51-->[com.onesignal:OneSignal:4.2.0] AndroidManifest.xml:35:22-85
52    <uses-permission android:name="com.sonymobile.home.permission.PROVIDER_INSERT_BADGE" /> <!-- Apex -->
52-->[com.onesignal:OneSignal:4.2.0] AndroidManifest.xml:36:5-92
52-->[com.onesignal:OneSignal:4.2.0] AndroidManifest.xml:36:22-89
53    <uses-permission android:name="com.anddoes.launcher.permission.UPDATE_COUNT" /> <!-- Solid -->
53-->[com.onesignal:OneSignal:4.2.0] AndroidManifest.xml:37:5-84
53-->[com.onesignal:OneSignal:4.2.0] AndroidManifest.xml:37:22-81
54    <uses-permission android:name="com.majeur.launcher.permission.UPDATE_BADGE" /> <!-- Huawei -->
54-->[com.onesignal:OneSignal:4.2.0] AndroidManifest.xml:38:5-83
54-->[com.onesignal:OneSignal:4.2.0] AndroidManifest.xml:38:22-80
55    <uses-permission android:name="com.huawei.android.launcher.permission.CHANGE_BADGE" />
55-->[com.onesignal:OneSignal:4.2.0] AndroidManifest.xml:39:5-91
55-->[com.onesignal:OneSignal:4.2.0] AndroidManifest.xml:39:22-88
56    <uses-permission android:name="com.huawei.android.launcher.permission.READ_SETTINGS" />
56-->[com.onesignal:OneSignal:4.2.0] AndroidManifest.xml:40:5-92
56-->[com.onesignal:OneSignal:4.2.0] AndroidManifest.xml:40:22-89
57    <uses-permission android:name="com.huawei.android.launcher.permission.WRITE_SETTINGS" /> <!-- ZUK -->
57-->[com.onesignal:OneSignal:4.2.0] AndroidManifest.xml:41:5-93
57-->[com.onesignal:OneSignal:4.2.0] AndroidManifest.xml:41:22-90
58    <uses-permission android:name="android.permission.READ_APP_BADGE" /> <!-- OPPO -->
58-->[com.onesignal:OneSignal:4.2.0] AndroidManifest.xml:42:5-73
58-->[com.onesignal:OneSignal:4.2.0] AndroidManifest.xml:42:22-70
59    <uses-permission android:name="com.oppo.launcher.permission.READ_SETTINGS" />
59-->[com.onesignal:OneSignal:4.2.0] AndroidManifest.xml:43:5-82
59-->[com.onesignal:OneSignal:4.2.0] AndroidManifest.xml:43:22-79
60    <uses-permission android:name="com.oppo.launcher.permission.WRITE_SETTINGS" /> <!-- EvMe -->
60-->[com.onesignal:OneSignal:4.2.0] AndroidManifest.xml:44:5-83
60-->[com.onesignal:OneSignal:4.2.0] AndroidManifest.xml:44:22-80
61    <uses-permission android:name="me.everything.badger.permission.BADGE_COUNT_READ" />
61-->[com.onesignal:OneSignal:4.2.0] AndroidManifest.xml:45:5-88
61-->[com.onesignal:OneSignal:4.2.0] AndroidManifest.xml:45:22-85
62    <uses-permission android:name="me.everything.badger.permission.BADGE_COUNT_WRITE" />
62-->[com.onesignal:OneSignal:4.2.0] AndroidManifest.xml:46:5-89
62-->[com.onesignal:OneSignal:4.2.0] AndroidManifest.xml:46:22-86
63    <uses-permission android:name="com.google.android.finsky.permission.BIND_GET_INSTALL_REFERRER_SERVICE" />
63-->[com.google.android.gms:play-services-measurement:18.0.1] AndroidManifest.xml:26:5-110
63-->[com.google.android.gms:play-services-measurement:18.0.1] AndroidManifest.xml:26:22-107
64    <uses-permission android:name="android.permission.FOREGROUND_SERVICE" />
64-->[androidx.work:work-runtime:2.7.0-alpha03] AndroidManifest.xml:28:5-77
64-->[androidx.work:work-runtime:2.7.0-alpha03] AndroidManifest.xml:28:22-74
65
66    <application
66-->src\main\AndroidManifest.xml:14:5-60:19
67        android:name="com.mlambo.MainApplication"
67-->src\main\AndroidManifest.xml:16:7-38
68        android:allowBackup="false"
68-->src\main\AndroidManifest.xml:20:7-34
69        android:appComponentFactory="androidx.core.app.CoreComponentFactory"
69-->[androidx.core:core:1.5.0-beta01] AndroidManifest.xml:24:18-86
70        android:debuggable="true"
71        android:icon="@mipmap/ic_launcher"
71-->src\main\AndroidManifest.xml:18:7-41
72        android:label="@string/app_name"
72-->src\main\AndroidManifest.xml:17:7-39
73        android:largeHeap="true"
73-->src\main\AndroidManifest.xml:15:6-30
74        android:roundIcon="@mipmap/ic_launcher_round"
74-->src\main\AndroidManifest.xml:19:7-52
75        android:supportsRtl="true"
75-->[com.facebook.android:facebook-android-sdk:8.2.0] AndroidManifest.xml:28:18-44
76        android:theme="@style/AppTheme"
76-->src\main\AndroidManifest.xml:21:7-38
77        android:usesCleartextTraffic="true" >
77-->src\debug\AndroidManifest.xml:7:18-53
78        <meta-data
78-->src\main\AndroidManifest.xml:22:11-109
79            android:name="com.facebook.sdk.ApplicationId"
79-->src\main\AndroidManifest.xml:22:22-67
80            android:value="@string/facebook_app_id" />
80-->src\main\AndroidManifest.xml:22:68-107
81
82        <provider
83            android:name="androidx.core.content.FileProvider"
84            android:authorities="com.mlambo.provider"
85            android:exported="false"
86            android:grantUriPermissions="true" >
87            <meta-data
87-->[:react-native-image-picker] AndroidManifest.xml:17:13-19:70
88                android:name="android.support.FILE_PROVIDER_PATHS"
88-->[:react-native-image-picker] AndroidManifest.xml:18:17-67
89                android:resource="@xml/filepaths" />
89-->[:react-native-image-picker] AndroidManifest.xml:19:17-67
90        </provider>
91
92        <activity
92-->src\main\AndroidManifest.xml:32:7-58:18
93            android:name="com.mlambo.MainActivity"
93-->src\main\AndroidManifest.xml:33:9-37
94            android:configChanges="keyboard|keyboardHidden|orientation|screenSize|uiMode"
94-->src\main\AndroidManifest.xml:35:9-86
95            android:label="@string/app_name"
95-->src\main\AndroidManifest.xml:34:9-41
96            android:launchMode="singleTask"
96-->src\main\AndroidManifest.xml:36:9-40
97            android:windowSoftInputMode="adjustResize" >
97-->src\main\AndroidManifest.xml:37:9-51
98            <intent-filter>
98-->src\main\AndroidManifest.xml:38:9-42:25
99                <action android:name="android.intent.action.MAIN" />
99-->src\main\AndroidManifest.xml:39:13-65
99-->src\main\AndroidManifest.xml:39:21-62
100
101                <category android:name="android.intent.category.LAUNCHER" />
101-->src\main\AndroidManifest.xml:40:13-73
101-->src\main\AndroidManifest.xml:40:23-70
102
103                <action android:name="android.intent.action.DOWNLOAD_COMPLETE" />
103-->src\main\AndroidManifest.xml:41:6-70
103-->src\main\AndroidManifest.xml:41:14-68
104            </intent-filter>
105            <intent-filter>
105-->src\main\AndroidManifest.xml:46:2-56:17
106                <action android:name="android.intent.action.VIEW" />
106-->src\main\AndroidManifest.xml:47:5-56
106-->src\main\AndroidManifest.xml:47:13-54
107
108                <category android:name="android.intent.category.DEFAULT" />
108-->src\main\AndroidManifest.xml:48:5-63
108-->src\main\AndroidManifest.xml:48:15-61
109                <category android:name="android.intent.category.BROWSABLE" />
109-->src\main\AndroidManifest.xml:49:5-65
109-->src\main\AndroidManifest.xml:49:15-63
110
111                <data
111-->src\main\AndroidManifest.xml:50:5-52:33
112                    android:host="mlambo.page.link"
112-->src\main\AndroidManifest.xml:51:9-40
113                    android:scheme="https" />
113-->src\main\AndroidManifest.xml:52:9-31
114                <data
114-->src\main\AndroidManifest.xml:50:5-52:33
115                    android:host="mlambo.page.link"
115-->src\main\AndroidManifest.xml:51:9-40
116                    android:scheme="http" />
116-->src\main\AndroidManifest.xml:52:9-31
117            </intent-filter>
118        </activity>
119        <activity android:name="com.facebook.react.devsupport.DevSettingsActivity" />
119-->src\main\AndroidManifest.xml:59:7-84
119-->src\main\AndroidManifest.xml:59:17-81
120
121        <provider
121-->[:react-native-image-picker] AndroidManifest.xml:12:9-20:20
122            android:name="com.imagepicker.ImagePickerProvider"
122-->[:react-native-image-picker] AndroidManifest.xml:13:13-63
123            android:authorities="com.mlambo.imagepickerprovider"
123-->[:react-native-image-picker] AndroidManifest.xml:14:13-71
124            android:exported="false"
124-->[:react-native-image-picker] AndroidManifest.xml:15:13-37
125            android:grantUriPermissions="true" >
125-->[:react-native-image-picker] AndroidManifest.xml:16:13-47
126            <meta-data
126-->[:react-native-image-picker] AndroidManifest.xml:17:13-19:70
127                android:name="android.support.FILE_PROVIDER_PATHS"
127-->[:react-native-image-picker] AndroidManifest.xml:18:17-67
128                android:resource="@xml/imagepicker_provider_paths" />
128-->[:react-native-image-picker] AndroidManifest.xml:19:17-67
129        </provider>
130        <provider
130-->[:rn-fetch-blob] AndroidManifest.xml:36:9-44:20
131            android:name="com.RNFetchBlob.Utils.FileProvider"
131-->[:rn-fetch-blob] AndroidManifest.xml:37:13-62
132            android:authorities="com.mlambo.provider"
132-->[:rn-fetch-blob] AndroidManifest.xml:38:13-60
133            android:exported="false"
133-->[:rn-fetch-blob] AndroidManifest.xml:39:13-37
134            android:grantUriPermissions="true" >
134-->[:rn-fetch-blob] AndroidManifest.xml:40:13-47
135            <meta-data
135-->[:react-native-image-picker] AndroidManifest.xml:17:13-19:70
136                android:name="android.support.FILE_PROVIDER_PATHS"
136-->[:react-native-image-picker] AndroidManifest.xml:18:17-67
137                android:resource="@xml/provider_paths" />
137-->[:react-native-image-picker] AndroidManifest.xml:19:17-67
138        </provider>
139        <provider
139-->[:react-native-share] AndroidManifest.xml:10:9-18:20
140            android:name="cl.json.RNShareFileProvider"
140-->[:react-native-share] AndroidManifest.xml:11:13-55
141            android:authorities="com.mlambo.rnshare.fileprovider"
141-->[:react-native-share] AndroidManifest.xml:12:13-72
142            android:exported="false"
142-->[:react-native-share] AndroidManifest.xml:13:13-37
143            android:grantUriPermissions="true" >
143-->[:react-native-share] AndroidManifest.xml:14:13-47
144            <meta-data
144-->[:react-native-image-picker] AndroidManifest.xml:17:13-19:70
145                android:name="android.support.FILE_PROVIDER_PATHS"
145-->[:react-native-image-picker] AndroidManifest.xml:18:17-67
146                android:resource="@xml/share_download_paths" />
146-->[:react-native-image-picker] AndroidManifest.xml:19:17-67
147        </provider>
148
149        <meta-data
149-->[:react-native-firebase_analytics] AndroidManifest.xml:16:9-18:36
150            android:name="firebase_analytics_collection_enabled"
150-->[:react-native-firebase_analytics] AndroidManifest.xml:17:13-65
151            android:value="true" />
151-->[:react-native-firebase_analytics] AndroidManifest.xml:18:13-33
152
153        <provider
153-->[:react-native-webview] AndroidManifest.xml:12:9-20:20
154            android:name="com.reactnativecommunity.webview.RNCWebViewFileProvider"
154-->[:react-native-webview] AndroidManifest.xml:13:13-83
155            android:authorities="com.mlambo.fileprovider"
155-->[:react-native-webview] AndroidManifest.xml:14:13-64
156            android:exported="false"
156-->[:react-native-webview] AndroidManifest.xml:15:13-37
157            android:grantUriPermissions="true" >
157-->[:react-native-webview] AndroidManifest.xml:16:13-47
158            <meta-data
158-->[:react-native-image-picker] AndroidManifest.xml:17:13-19:70
159                android:name="android.support.FILE_PROVIDER_PATHS"
159-->[:react-native-image-picker] AndroidManifest.xml:18:17-67
160                android:resource="@xml/file_provider_paths" />
160-->[:react-native-image-picker] AndroidManifest.xml:19:17-67
161        </provider>
162
163        <receiver
163-->[com.onesignal:OneSignal:4.2.0] AndroidManifest.xml:49:9-59:20
164            android:name="com.onesignal.FCMBroadcastReceiver"
164-->[com.onesignal:OneSignal:4.2.0] AndroidManifest.xml:50:13-62
165            android:permission="com.google.android.c2dm.permission.SEND" >
165-->[com.onesignal:OneSignal:4.2.0] AndroidManifest.xml:51:13-73
166
167            <!-- High priority so OneSignal payloads can be filtered from other FCM receivers -->
168            <intent-filter android:priority="999" >
168-->[com.onesignal:OneSignal:4.2.0] AndroidManifest.xml:54:13-58:29
168-->[com.onesignal:OneSignal:4.2.0] AndroidManifest.xml:54:28-50
169                <action android:name="com.google.android.c2dm.intent.RECEIVE" />
169-->[com.onesignal:OneSignal:4.2.0] AndroidManifest.xml:55:17-81
169-->[com.onesignal:OneSignal:4.2.0] AndroidManifest.xml:55:25-78
170
171                <category android:name="com.mlambo" />
171-->[com.onesignal:OneSignal:4.2.0] AndroidManifest.xml:57:17-61
171-->[com.onesignal:OneSignal:4.2.0] AndroidManifest.xml:57:27-58
172            </intent-filter>
173        </receiver>
174
175        <service
175-->[com.onesignal:OneSignal:4.2.0] AndroidManifest.xml:61:9-67:19
176            android:name="com.onesignal.HmsMessageServiceOneSignal"
176-->[com.onesignal:OneSignal:4.2.0] AndroidManifest.xml:62:13-68
177            android:exported="false" >
177-->[com.onesignal:OneSignal:4.2.0] AndroidManifest.xml:63:13-37
178            <intent-filter>
178-->[com.onesignal:OneSignal:4.2.0] AndroidManifest.xml:64:13-66:29
179                <action android:name="com.huawei.push.action.MESSAGING_EVENT" />
179-->[com.onesignal:OneSignal:4.2.0] AndroidManifest.xml:65:17-81
179-->[com.onesignal:OneSignal:4.2.0] AndroidManifest.xml:65:25-78
180            </intent-filter>
181        </service>
182
183        <activity
183-->[com.onesignal:OneSignal:4.2.0] AndroidManifest.xml:69:9-76:20
184            android:name="com.onesignal.NotificationOpenedActivityHMS"
184-->[com.onesignal:OneSignal:4.2.0] AndroidManifest.xml:70:13-71
185            android:noHistory="true"
185-->[com.onesignal:OneSignal:4.2.0] AndroidManifest.xml:71:13-37
186            android:theme="@android:style/Theme.Translucent.NoTitleBar" >
186-->[com.onesignal:OneSignal:4.2.0] AndroidManifest.xml:72:13-72
187            <intent-filter>
187-->[com.onesignal:OneSignal:4.2.0] AndroidManifest.xml:73:13-75:29
188                <action android:name="android.intent.action.VIEW" />
188-->src\main\AndroidManifest.xml:47:5-56
188-->src\main\AndroidManifest.xml:47:13-54
189            </intent-filter>
190        </activity>
191
192        <service android:name="com.onesignal.FCMIntentService" />
192-->[com.onesignal:OneSignal:4.2.0] AndroidManifest.xml:78:9-66
192-->[com.onesignal:OneSignal:4.2.0] AndroidManifest.xml:78:18-63
193        <service
193-->[com.onesignal:OneSignal:4.2.0] AndroidManifest.xml:79:9-81:72
194            android:name="com.onesignal.FCMIntentJobService"
194-->[com.onesignal:OneSignal:4.2.0] AndroidManifest.xml:80:13-61
195            android:permission="android.permission.BIND_JOB_SERVICE" />
195-->[com.onesignal:OneSignal:4.2.0] AndroidManifest.xml:81:13-69
196        <service
196-->[com.onesignal:OneSignal:4.2.0] AndroidManifest.xml:82:9-84:43
197            android:name="com.onesignal.FocusDelaySyncService"
197-->[com.onesignal:OneSignal:4.2.0] AndroidManifest.xml:83:13-63
198            android:stopWithTask="true" />
198-->[com.onesignal:OneSignal:4.2.0] AndroidManifest.xml:84:13-40
199        <service
199-->[com.onesignal:OneSignal:4.2.0] AndroidManifest.xml:85:9-87:72
200            android:name="com.onesignal.FocusDelaySyncJobService"
200-->[com.onesignal:OneSignal:4.2.0] AndroidManifest.xml:86:13-66
201            android:permission="android.permission.BIND_JOB_SERVICE" />
201-->[com.onesignal:OneSignal:4.2.0] AndroidManifest.xml:87:13-69
202        <service
202-->[com.onesignal:OneSignal:4.2.0] AndroidManifest.xml:88:9-90:43
203            android:name="com.onesignal.SyncService"
203-->[com.onesignal:OneSignal:4.2.0] AndroidManifest.xml:89:13-53
204            android:stopWithTask="true" />
204-->[com.onesignal:OneSignal:4.2.0] AndroidManifest.xml:90:13-40
205        <service
205-->[com.onesignal:OneSignal:4.2.0] AndroidManifest.xml:91:9-93:72
206            android:name="com.onesignal.SyncJobService"
206-->[com.onesignal:OneSignal:4.2.0] AndroidManifest.xml:92:13-56
207            android:permission="android.permission.BIND_JOB_SERVICE" />
207-->[com.onesignal:OneSignal:4.2.0] AndroidManifest.xml:93:13-69
208
209        <activity
209-->[com.onesignal:OneSignal:4.2.0] AndroidManifest.xml:95:9-97:75
210            android:name="com.onesignal.PermissionsActivity"
210-->[com.onesignal:OneSignal:4.2.0] AndroidManifest.xml:96:13-61
211            android:theme="@android:style/Theme.Translucent.NoTitleBar" />
211-->[com.onesignal:OneSignal:4.2.0] AndroidManifest.xml:97:13-72
212
213        <receiver android:name="com.onesignal.NotificationDismissReceiver" />
213-->[com.onesignal:OneSignal:4.2.0] AndroidManifest.xml:99:9-78
213-->[com.onesignal:OneSignal:4.2.0] AndroidManifest.xml:99:19-75
214        <receiver android:name="com.onesignal.BootUpReceiver" >
214-->[com.onesignal:OneSignal:4.2.0] AndroidManifest.xml:100:9-105:20
214-->[com.onesignal:OneSignal:4.2.0] AndroidManifest.xml:100:19-62
215            <intent-filter>
215-->[com.onesignal:OneSignal:4.2.0] AndroidManifest.xml:101:13-104:29
216                <action android:name="android.intent.action.BOOT_COMPLETED" />
216-->[com.onesignal:OneSignal:4.2.0] AndroidManifest.xml:102:17-79
216-->[com.onesignal:OneSignal:4.2.0] AndroidManifest.xml:102:25-76
217                <action android:name="android.intent.action.QUICKBOOT_POWERON" />
217-->[com.onesignal:OneSignal:4.2.0] AndroidManifest.xml:103:17-82
217-->[com.onesignal:OneSignal:4.2.0] AndroidManifest.xml:103:25-79
218            </intent-filter>
219        </receiver>
220        <receiver android:name="com.onesignal.UpgradeReceiver" >
220-->[com.onesignal:OneSignal:4.2.0] AndroidManifest.xml:106:9-110:20
220-->[com.onesignal:OneSignal:4.2.0] AndroidManifest.xml:106:19-63
221            <intent-filter>
221-->[com.onesignal:OneSignal:4.2.0] AndroidManifest.xml:107:13-109:29
222                <action android:name="android.intent.action.MY_PACKAGE_REPLACED" />
222-->[com.onesignal:OneSignal:4.2.0] AndroidManifest.xml:108:17-84
222-->[com.onesignal:OneSignal:4.2.0] AndroidManifest.xml:108:25-81
223            </intent-filter>
224        </receiver>
225
226        <activity
226-->[com.onesignal:OneSignal:4.2.0] AndroidManifest.xml:112:9-115:75
227            android:name="com.onesignal.NotificationOpenedReceiver"
227-->[com.onesignal:OneSignal:4.2.0] AndroidManifest.xml:113:13-68
228            android:noHistory="true"
228-->[com.onesignal:OneSignal:4.2.0] AndroidManifest.xml:114:13-37
229            android:theme="@android:style/Theme.Translucent.NoTitleBar" />
229-->[com.onesignal:OneSignal:4.2.0] AndroidManifest.xml:115:13-72
230        <activity
230-->[com.facebook.android:facebook-common:8.2.0] AndroidManifest.xml:30:9-33:66
231            android:name="com.facebook.FacebookActivity"
231-->[com.facebook.android:facebook-common:8.2.0] AndroidManifest.xml:31:13-57
232            android:configChanges="keyboard|keyboardHidden|screenLayout|screenSize|orientation"
232-->[com.facebook.android:facebook-common:8.2.0] AndroidManifest.xml:32:13-96
233            android:theme="@style/com_facebook_activity_theme" />
233-->[com.facebook.android:facebook-common:8.2.0] AndroidManifest.xml:33:13-63
234        <activity android:name="com.facebook.CustomTabMainActivity" />
234-->[com.facebook.android:facebook-common:8.2.0] AndroidManifest.xml:34:9-71
234-->[com.facebook.android:facebook-common:8.2.0] AndroidManifest.xml:34:19-68
235        <activity
235-->[com.facebook.android:facebook-common:8.2.0] AndroidManifest.xml:35:9-49:20
236            android:name="com.facebook.CustomTabActivity"
236-->[com.facebook.android:facebook-common:8.2.0] AndroidManifest.xml:36:13-58
237            android:exported="true" >
237-->[com.facebook.android:facebook-common:8.2.0] AndroidManifest.xml:37:13-36
238            <intent-filter>
238-->[com.facebook.android:facebook-common:8.2.0] AndroidManifest.xml:39:13-48:29
239                <action android:name="android.intent.action.VIEW" />
239-->src\main\AndroidManifest.xml:47:5-56
239-->src\main\AndroidManifest.xml:47:13-54
240
241                <category android:name="android.intent.category.DEFAULT" />
241-->src\main\AndroidManifest.xml:48:5-63
241-->src\main\AndroidManifest.xml:48:15-61
242                <category android:name="android.intent.category.BROWSABLE" />
242-->src\main\AndroidManifest.xml:49:5-65
242-->src\main\AndroidManifest.xml:49:15-63
243
244                <data
244-->src\main\AndroidManifest.xml:50:5-52:33
245                    android:host="cct.com.mlambo"
245-->src\main\AndroidManifest.xml:51:9-40
246                    android:scheme="fbconnect" />
246-->src\main\AndroidManifest.xml:52:9-31
247            </intent-filter>
248        </activity>
249        <!--
250             FirebaseMessagingService performs security checks at runtime,
251             but set to not exported to explicitly avoid allowing another app to call it.
252        -->
253        <service
253-->[com.google.firebase:firebase-messaging:21.0.1] AndroidManifest.xml:28:9-35:19
254            android:name="com.google.firebase.messaging.FirebaseMessagingService"
254-->[com.google.firebase:firebase-messaging:21.0.1] AndroidManifest.xml:29:13-82
255            android:directBootAware="true"
255-->[com.google.firebase:firebase-messaging:21.0.1] AndroidManifest.xml:30:13-43
256            android:exported="false" >
256-->[com.google.firebase:firebase-messaging:21.0.1] AndroidManifest.xml:31:13-37
257            <intent-filter android:priority="-500" >
257-->[com.google.firebase:firebase-messaging:21.0.1] AndroidManifest.xml:32:13-34:29
257-->[com.google.firebase:firebase-messaging:21.0.1] AndroidManifest.xml:32:28-51
258                <action android:name="com.google.firebase.MESSAGING_EVENT" />
258-->[com.google.firebase:firebase-messaging:21.0.1] AndroidManifest.xml:33:17-78
258-->[com.google.firebase:firebase-messaging:21.0.1] AndroidManifest.xml:33:25-75
259            </intent-filter>
260        </service>
261        <service
261-->[com.google.firebase:firebase-messaging:21.0.1] AndroidManifest.xml:36:9-42:19
262            android:name="com.google.firebase.components.ComponentDiscoveryService"
262-->[com.google.firebase:firebase-messaging:21.0.1] AndroidManifest.xml:37:13-84
263            android:directBootAware="true"
263-->[com.google.firebase:firebase-common:19.5.0] AndroidManifest.xml:35:13-43
264            android:exported="false" >
264-->[com.google.firebase:firebase-messaging:21.0.1] AndroidManifest.xml:38:13-37
265            <meta-data
265-->[com.google.firebase:firebase-messaging:21.0.1] AndroidManifest.xml:39:13-41:85
266                android:name="com.google.firebase.components:com.google.firebase.messaging.FirebaseMessagingRegistrar"
266-->[com.google.firebase:firebase-messaging:21.0.1] AndroidManifest.xml:40:17-119
267                android:value="com.google.firebase.components.ComponentRegistrar" />
267-->[com.google.firebase:firebase-messaging:21.0.1] AndroidManifest.xml:41:17-82
268            <meta-data
268-->[com.google.firebase:firebase-datatransport:17.0.10] AndroidManifest.xml:28:13-30:85
269                android:name="com.google.firebase.components:com.google.firebase.datatransport.TransportRegistrar"
269-->[com.google.firebase:firebase-datatransport:17.0.10] AndroidManifest.xml:29:17-115
270                android:value="com.google.firebase.components.ComponentRegistrar" />
270-->[com.google.firebase:firebase-datatransport:17.0.10] AndroidManifest.xml:30:17-82
271            <meta-data
271-->[com.google.firebase:firebase-auth:20.0.2] AndroidManifest.xml:77:13-79:85
272                android:name="com.google.firebase.components:com.google.firebase.auth.FirebaseAuthRegistrar"
272-->[com.google.firebase:firebase-auth:20.0.2] AndroidManifest.xml:78:17-109
273                android:value="com.google.firebase.components.ComponentRegistrar" />
273-->[com.google.firebase:firebase-auth:20.0.2] AndroidManifest.xml:79:17-82
274            <meta-data
274-->[com.google.firebase:firebase-iid:21.0.1] AndroidManifest.xml:32:13-34:85
275                android:name="com.google.firebase.components:com.google.firebase.iid.Registrar"
275-->[com.google.firebase:firebase-iid:21.0.1] AndroidManifest.xml:33:17-96
276                android:value="com.google.firebase.components.ComponentRegistrar" />
276-->[com.google.firebase:firebase-iid:21.0.1] AndroidManifest.xml:34:17-82
277            <meta-data